<?xml version="1.0" encoding="UTF-8" ?>
<testsuite tests="9" failures="0" name="hu.unideb.inf.RunCucumberTest" time="87.273" errors="0" skipped="1">
  <properties>
[...]
</properties>
  <testcase classname="YourLogo registration process" name="EMPTY_NAME" time="12.817"/>
  <testcase classname="YourLogo registration process" name="EMPTY_NAME" time="9.827"/>
  <testcase classname="YourLogo registration process" name="EMPTY_NAME" time="8.847"/>
  <testcase classname="YourLogo registration process" name="EMPTY_NAME" time="10.398"/>
  <testcase classname="YourLogo registration process" name="EMPTY_NAME" time="10.408"/>
  <testcase classname="YourLogo registration process" name="EMPTY_NAME" time="9.464"/>
  <testcase classname="YourLogo registration process" name="EMPTY_NAME" time="8.398"/>
  <testcase classname="YourLogo registration process" name="EMPTY_NAME" time="8.568">
    <skipped/>
    <system-out>
Scenario Outline:                                                                                             &amp;#27;[90m# hu/unideb/inf/registration.feature:25&amp;#27;[0m
  &amp;#27;[32mGiven &amp;#27;[0m&amp;#27;[32mThe home page is opened&amp;#27;[0m                                                                               &amp;#27;[90m# hu.unideb.inf.StepDefinitions.theHomePageIsOpened()&amp;#27;[0m
  &amp;#27;[32mAnd &amp;#27;[0m&amp;#27;[32mThe Sign in link is clicked&amp;#27;[0m                                                                             &amp;#27;[90m# hu.unideb.inf.StepDefinitions.theSignInLinkIsClicked()&amp;#27;[0m
  &amp;#27;[32mGiven &amp;#27;[0m&amp;#27;[32mThe Email address field is field with random valid email&amp;#27;[0m                                              &amp;#27;[90m# hu.unideb.inf.StepDefinitions.theEmailAddressFieldIsFieldWithRandomValidEmail()&amp;#27;[0m
  &amp;#27;[32mWhen &amp;#27;[0m&amp;#27;[32mI click on Create an account&amp;#27;[0m                                                                           &amp;#27;[90m# hu.unideb.inf.StepDefinitions.iClickOnCreateAnAccount()&amp;#27;[0m
  &amp;#27;[32mAnd &amp;#27;[0m&amp;#27;[32mI leave empty this &amp;#27;[0m&amp;#27;[32m&amp;#27;[1m&apos;postcode&apos;&amp;#27;[0m                                                                           &amp;#27;[90m# hu.unideb.inf.StepDefinitions.iLeaveEmptyThisField(java.lang.String)&amp;#27;[0m
  &amp;#27;[32mAnd &amp;#27;[0m&amp;#27;[32mI click on the register button&amp;#27;[0m                                                                          &amp;#27;[90m# hu.unideb.inf.StepDefinitions.iClickOnTheRegisterButton()&amp;#27;[0m
  &amp;#27;[33mThen &amp;#27;[0m&amp;#27;[33mI get &apos;The Zip/Postal code you&apos;ve entered is invalid. It must follow this format: 00000&apos; error message&amp;#27;[0m &amp;#27;[90m# null&amp;#27;[0m
</system-out>
    <system-err>[1589827809.808][SEVERE]: Timed out receiving message from renderer: 0.100
[1589827816.146][SEVERE]: Timed out receiving message from renderer: 0.100
</system-err>
  </testcase>
  <testcase classname="YourLogo registration process" name="EMPTY_NAME" time="8.546"/>
</testsuite>